{"/Users/ada/Desktop/lacapsule/portfolio-lacapsule/bikeshop-lacapsule/app.js": {"path":"/Users/ada/Desktop/lacapsule/portfolio-lacapsule/bikeshop-lacapsule/app.js","statementMap":{"0":{"start":{"line":1,"column":20},"end":{"line":1,"column":42}},"1":{"start":{"line":2,"column":16},"end":{"line":2,"column":34}},"2":{"start":{"line":3,"column":13},"end":{"line":3,"column":28}},"3":{"start":{"line":4,"column":21},"end":{"line":4,"column":45}},"4":{"start":{"line":5,"column":15},"end":{"line":5,"column":32}},"5":{"start":{"line":7,"column":15},"end":{"line":7,"column":32}},"6":{"start":{"line":8,"column":0},"end":{"line":8,"column":15}},"7":{"start":{"line":10,"column":20},"end":{"line":10,"column":45}},"8":{"start":{"line":11,"column":20},"end":{"line":11,"column":45}},"9":{"start":{"line":13,"column":16},"end":{"line":13,"column":42}},"10":{"start":{"line":15,"column":12},"end":{"line":15,"column":21}},"11":{"start":{"line":17,"column":0},"end":{"line":23,"column":2}},"12":{"start":{"line":26,"column":0},"end":{"line":26,"column":48}},"13":{"start":{"line":27,"column":0},"end":{"line":27,"column":30}},"14":{"start":{"line":29,"column":0},"end":{"line":29,"column":23}},"15":{"start":{"line":30,"column":0},"end":{"line":30,"column":24}},"16":{"start":{"line":31,"column":0},"end":{"line":31,"column":49}},"17":{"start":{"line":32,"column":0},"end":{"line":32,"column":24}},"18":{"start":{"line":33,"column":0},"end":{"line":33,"column":56}},"19":{"start":{"line":35,"column":0},"end":{"line":35,"column":26}},"20":{"start":{"line":36,"column":0},"end":{"line":36,"column":31}},"21":{"start":{"line":39,"column":0},"end":{"line":41,"column":3}},"22":{"start":{"line":40,"column":2},"end":{"line":40,"column":25}},"23":{"start":{"line":44,"column":0},"end":{"line":52,"column":3}},"24":{"start":{"line":46,"column":2},"end":{"line":46,"column":35}},"25":{"start":{"line":47,"column":2},"end":{"line":47,"column":69}},"26":{"start":{"line":50,"column":2},"end":{"line":50,"column":32}},"27":{"start":{"line":51,"column":2},"end":{"line":51,"column":22}},"28":{"start":{"line":54,"column":0},"end":{"line":54,"column":21}}},"fnMap":{"0":{"name":"(anonymous_0)","decl":{"start":{"line":39,"column":8},"end":{"line":39,"column":9}},"loc":{"start":{"line":39,"column":33},"end":{"line":41,"column":1}},"line":39},"1":{"name":"(anonymous_1)","decl":{"start":{"line":44,"column":8},"end":{"line":44,"column":9}},"loc":{"start":{"line":44,"column":38},"end":{"line":52,"column":1}},"line":44}},"branchMap":{"0":{"loc":{"start":{"line":47,"column":21},"end":{"line":47,"column":68}},"type":"cond-expr","locations":[{"start":{"line":47,"column":60},"end":{"line":47,"column":63}},{"start":{"line":47,"column":66},"end":{"line":47,"column":68}}],"line":47},"1":{"loc":{"start":{"line":50,"column":13},"end":{"line":50,"column":30}},"type":"binary-expr","locations":[{"start":{"line":50,"column":13},"end":{"line":50,"column":23}},{"start":{"line":50,"column":27},"end":{"line":50,"column":30}}],"line":50}},"s":{"0":1,"1":1,"2":1,"3":1,"4":1,"5":1,"6":1,"7":1,"8":1,"9":1,"10":1,"11":1,"12":1,"13":1,"14":1,"15":1,"16":1,"17":1,"18":1,"19":1,"20":1,"21":1,"22":0,"23":1,"24":0,"25":0,"26":0,"27":0,"28":1},"f":{"0":0,"1":0},"b":{"0":[0,0],"1":[0,0]},"_coverageSchema":"1a1c01bbd47fc00a2c39e90264f33305004495a9","hash":"5207a0db60e7aa73dabdf8cdabb366ab0cdd4d33"}
,"/Users/ada/Desktop/lacapsule/portfolio-lacapsule/bikeshop-lacapsule/routes/index.js": {"path":"/Users/ada/Desktop/lacapsule/portfolio-lacapsule/bikeshop-lacapsule/routes/index.js","statementMap":{"0":{"start":{"line":1,"column":15},"end":{"line":1,"column":56}},"1":{"start":{"line":2,"column":16},"end":{"line":2,"column":34}},"2":{"start":{"line":3,"column":15},"end":{"line":3,"column":31}},"3":{"start":{"line":6,"column":17},"end":{"line":13,"column":1}},"4":{"start":{"line":16,"column":0},"end":{"line":27,"column":3}},"5":{"start":{"line":18,"column":19},"end":{"line":18,"column":20}},"6":{"start":{"line":20,"column":2},"end":{"line":24,"column":3}},"7":{"start":{"line":21,"column":4},"end":{"line":21,"column":34}},"8":{"start":{"line":23,"column":4},"end":{"line":23,"column":71}},"9":{"start":{"line":23,"column":38},"end":{"line":23,"column":70}},"10":{"start":{"line":26,"column":2},"end":{"line":26,"column":100}},"11":{"start":{"line":30,"column":0},"end":{"line":37,"column":3}},"12":{"start":{"line":32,"column":2},"end":{"line":34,"column":3}},"13":{"start":{"line":33,"column":4},"end":{"line":33,"column":33}},"14":{"start":{"line":36,"column":2},"end":{"line":36,"column":62}},"15":{"start":{"line":40,"column":0},"end":{"line":71,"column":3}},"16":{"start":{"line":42,"column":2},"end":{"line":44,"column":3}},"17":{"start":{"line":43,"column":4},"end":{"line":43,"column":33}},"18":{"start":{"line":46,"column":21},"end":{"line":46,"column":26}},"19":{"start":{"line":48,"column":2},"end":{"line":53,"column":3}},"20":{"start":{"line":48,"column":15},"end":{"line":48,"column":16}},"21":{"start":{"line":49,"column":4},"end":{"line":52,"column":5}},"22":{"start":{"line":50,"column":6},"end":{"line":50,"column":46}},"23":{"start":{"line":51,"column":6},"end":{"line":51,"column":26}},"24":{"start":{"line":55,"column":2},"end":{"line":62,"column":3}},"25":{"start":{"line":56,"column":4},"end":{"line":61,"column":6}},"26":{"start":{"line":64,"column":19},"end":{"line":64,"column":20}},"27":{"start":{"line":66,"column":2},"end":{"line":68,"column":3}},"28":{"start":{"line":67,"column":4},"end":{"line":67,"column":71}},"29":{"start":{"line":67,"column":38},"end":{"line":67,"column":70}},"30":{"start":{"line":70,"column":2},"end":{"line":70,"column":100}},"31":{"start":{"line":74,"column":0},"end":{"line":83,"column":2}},"32":{"start":{"line":76,"column":2},"end":{"line":78,"column":3}},"33":{"start":{"line":77,"column":4},"end":{"line":77,"column":33}},"34":{"start":{"line":80,"column":2},"end":{"line":80,"column":55}},"35":{"start":{"line":82,"column":2},"end":{"line":82,"column":60}},"36":{"start":{"line":86,"column":0},"end":{"line":98,"column":2}},"37":{"start":{"line":88,"column":2},"end":{"line":90,"column":3}},"38":{"start":{"line":89,"column":4},"end":{"line":89,"column":33}},"39":{"start":{"line":92,"column":19},"end":{"line":92,"column":36}},"40":{"start":{"line":93,"column":22},"end":{"line":93,"column":39}},"41":{"start":{"line":95,"column":2},"end":{"line":95,"column":60}},"42":{"start":{"line":97,"column":2},"end":{"line":97,"column":60}},"43":{"start":{"line":101,"column":0},"end":{"line":171,"column":2}},"44":{"start":{"line":103,"column":2},"end":{"line":105,"column":3}},"45":{"start":{"line":104,"column":4},"end":{"line":104,"column":33}},"46":{"start":{"line":107,"column":22},"end":{"line":107,"column":24}},"47":{"start":{"line":108,"column":17},"end":{"line":108,"column":18}},"48":{"start":{"line":109,"column":17},"end":{"line":109,"column":18}},"49":{"start":{"line":111,"column":2},"end":{"line":113,"column":3}},"50":{"start":{"line":111,"column":14},"end":{"line":111,"column":15}},"51":{"start":{"line":112,"column":4},"end":{"line":112,"column":89}},"52":{"start":{"line":115,"column":2},"end":{"line":118,"column":3}},"53":{"start":{"line":116,"column":4},"end":{"line":116,"column":19}},"54":{"start":{"line":117,"column":4},"end":{"line":117,"column":24}},"55":{"start":{"line":121,"column":2},"end":{"line":132,"column":3}},"56":{"start":{"line":121,"column":14},"end":{"line":121,"column":15}},"57":{"start":{"line":122,"column":4},"end":{"line":131,"column":7}},"58":{"start":{"line":135,"column":18},"end":{"line":135,"column":20}},"59":{"start":{"line":136,"column":17},"end":{"line":136,"column":18}},"60":{"start":{"line":137,"column":16},"end":{"line":137,"column":31}},"61":{"start":{"line":139,"column":2},"end":{"line":141,"column":3}},"62":{"start":{"line":139,"column":14},"end":{"line":139,"column":15}},"63":{"start":{"line":140,"column":4},"end":{"line":140,"column":60}},"64":{"start":{"line":143,"column":2},"end":{"line":147,"column":3}},"65":{"start":{"line":144,"column":4},"end":{"line":144,"column":18}},"66":{"start":{"line":145,"column":4},"end":{"line":145,"column":17}},"67":{"start":{"line":146,"column":4},"end":{"line":146,"column":37}},"68":{"start":{"line":149,"column":2},"end":{"line":158,"column":5}},"69":{"start":{"line":161,"column":18},"end":{"line":167,"column":4}},"70":{"start":{"line":169,"column":2},"end":{"line":169,"column":33}},"71":{"start":{"line":173,"column":0},"end":{"line":180,"column":3}},"72":{"start":{"line":175,"column":2},"end":{"line":177,"column":3}},"73":{"start":{"line":176,"column":4},"end":{"line":176,"column":33}},"74":{"start":{"line":179,"column":2},"end":{"line":179,"column":24}},"75":{"start":{"line":183,"column":0},"end":{"line":183,"column":24}}},"fnMap":{"0":{"name":"(anonymous_0)","decl":{"start":{"line":16,"column":16},"end":{"line":16,"column":17}},"loc":{"start":{"line":16,"column":41},"end":{"line":27,"column":1}},"line":16},"1":{"name":"(anonymous_1)","decl":{"start":{"line":23,"column":33},"end":{"line":23,"column":34}},"loc":{"start":{"line":23,"column":38},"end":{"line":23,"column":70}},"line":23},"2":{"name":"(anonymous_2)","decl":{"start":{"line":30,"column":20},"end":{"line":30,"column":21}},"loc":{"start":{"line":30,"column":45},"end":{"line":37,"column":1}},"line":30},"3":{"name":"(anonymous_3)","decl":{"start":{"line":40,"column":24},"end":{"line":40,"column":25}},"loc":{"start":{"line":40,"column":49},"end":{"line":71,"column":1}},"line":40},"4":{"name":"(anonymous_4)","decl":{"start":{"line":67,"column":33},"end":{"line":67,"column":34}},"loc":{"start":{"line":67,"column":38},"end":{"line":67,"column":70}},"line":67},"5":{"name":"(anonymous_5)","decl":{"start":{"line":74,"column":27},"end":{"line":74,"column":28}},"loc":{"start":{"line":74,"column":51},"end":{"line":83,"column":1}},"line":74},"6":{"name":"(anonymous_6)","decl":{"start":{"line":86,"column":28},"end":{"line":86,"column":29}},"loc":{"start":{"line":86,"column":52},"end":{"line":98,"column":1}},"line":86},"7":{"name":"(anonymous_7)","decl":{"start":{"line":101,"column":40},"end":{"line":101,"column":41}},"loc":{"start":{"line":101,"column":60},"end":{"line":171,"column":1}},"line":101},"8":{"name":"(anonymous_8)","decl":{"start":{"line":173,"column":23},"end":{"line":173,"column":24}},"loc":{"start":{"line":173,"column":37},"end":{"line":180,"column":1}},"line":173}},"branchMap":{"0":{"loc":{"start":{"line":20,"column":2},"end":{"line":24,"column":3}},"type":"if","locations":[{"start":{"line":20,"column":2},"end":{"line":24,"column":3}},{"start":{"line":22,"column":7},"end":{"line":24,"column":3}}],"line":20},"1":{"loc":{"start":{"line":32,"column":2},"end":{"line":34,"column":3}},"type":"if","locations":[{"start":{"line":32,"column":2},"end":{"line":34,"column":3}},{"start":{},"end":{}}],"line":32},"2":{"loc":{"start":{"line":42,"column":2},"end":{"line":44,"column":3}},"type":"if","locations":[{"start":{"line":42,"column":2},"end":{"line":44,"column":3}},{"start":{},"end":{}}],"line":42},"3":{"loc":{"start":{"line":49,"column":4},"end":{"line":52,"column":5}},"type":"if","locations":[{"start":{"line":49,"column":4},"end":{"line":52,"column":5}},{"start":{},"end":{}}],"line":49},"4":{"loc":{"start":{"line":55,"column":2},"end":{"line":62,"column":3}},"type":"if","locations":[{"start":{"line":55,"column":2},"end":{"line":62,"column":3}},{"start":{},"end":{}}],"line":55},"5":{"loc":{"start":{"line":55,"column":6},"end":{"line":55,"column":73}},"type":"binary-expr","locations":[{"start":{"line":55,"column":6},"end":{"line":55,"column":28}},{"start":{"line":55,"column":32},"end":{"line":55,"column":73}}],"line":55},"6":{"loc":{"start":{"line":66,"column":2},"end":{"line":68,"column":3}},"type":"if","locations":[{"start":{"line":66,"column":2},"end":{"line":68,"column":3}},{"start":{},"end":{}}],"line":66},"7":{"loc":{"start":{"line":76,"column":2},"end":{"line":78,"column":3}},"type":"if","locations":[{"start":{"line":76,"column":2},"end":{"line":78,"column":3}},{"start":{},"end":{}}],"line":76},"8":{"loc":{"start":{"line":88,"column":2},"end":{"line":90,"column":3}},"type":"if","locations":[{"start":{"line":88,"column":2},"end":{"line":90,"column":3}},{"start":{},"end":{}}],"line":88},"9":{"loc":{"start":{"line":103,"column":2},"end":{"line":105,"column":3}},"type":"if","locations":[{"start":{"line":103,"column":2},"end":{"line":105,"column":3}},{"start":{},"end":{}}],"line":103},"10":{"loc":{"start":{"line":115,"column":2},"end":{"line":118,"column":3}},"type":"if","locations":[{"start":{"line":115,"column":2},"end":{"line":118,"column":3}},{"start":{},"end":{}}],"line":115},"11":{"loc":{"start":{"line":143,"column":2},"end":{"line":147,"column":3}},"type":"if","locations":[{"start":{"line":143,"column":2},"end":{"line":147,"column":3}},{"start":{},"end":{}}],"line":143},"12":{"loc":{"start":{"line":175,"column":2},"end":{"line":177,"column":3}},"type":"if","locations":[{"start":{"line":175,"column":2},"end":{"line":177,"column":3}},{"start":{},"end":{}}],"line":175}},"s":{"0":1,"1":1,"2":1,"3":1,"4":1,"5":0,"6":0,"7":0,"8":0,"9":0,"10":0,"11":1,"12":0,"13":0,"14":0,"15":1,"16":0,"17":0,"18":0,"19":0,"20":0,"21":0,"22":0,"23":0,"24":0,"25":0,"26":0,"27":0,"28":0,"29":0,"30":0,"31":1,"32":0,"33":0,"34":0,"35":0,"36":1,"37":0,"38":0,"39":0,"40":0,"41":0,"42":0,"43":1,"44":0,"45":0,"46":0,"47":0,"48":0,"49":0,"50":0,"51":0,"52":0,"53":0,"54":0,"55":0,"56":0,"57":0,"58":0,"59":0,"60":0,"61":0,"62":0,"63":0,"64":0,"65":0,"66":0,"67":0,"68":0,"69":0,"70":0,"71":1,"72":0,"73":0,"74":0,"75":1},"f":{"0":0,"1":0,"2":0,"3":0,"4":0,"5":0,"6":0,"7":0,"8":0},"b":{"0":[0,0],"1":[0,0],"2":[0,0],"3":[0,0],"4":[0,0],"5":[0,0],"6":[0,0],"7":[0,0],"8":[0,0],"9":[0,0],"10":[0,0],"11":[0,0],"12":[0,0]},"_coverageSchema":"1a1c01bbd47fc00a2c39e90264f33305004495a9","hash":"73c0cad7df7693cf67334baece1c98e915dbf2a1"}
,"/Users/ada/Desktop/lacapsule/portfolio-lacapsule/bikeshop-lacapsule/routes/users.js": {"path":"/Users/ada/Desktop/lacapsule/portfolio-lacapsule/bikeshop-lacapsule/routes/users.js","statementMap":{"0":{"start":{"line":1,"column":16},"end":{"line":1,"column":34}},"1":{"start":{"line":2,"column":15},"end":{"line":2,"column":31}},"2":{"start":{"line":5,"column":0},"end":{"line":7,"column":3}},"3":{"start":{"line":6,"column":2},"end":{"line":6,"column":38}},"4":{"start":{"line":9,"column":0},"end":{"line":9,"column":24}}},"fnMap":{"0":{"name":"(anonymous_0)","decl":{"start":{"line":5,"column":23},"end":{"line":5,"column":24}},"loc":{"start":{"line":5,"column":48},"end":{"line":7,"column":1}},"line":5}},"branchMap":{},"s":{"0":1,"1":1,"2":1,"3":0,"4":1},"f":{"0":0},"b":{},"_coverageSchema":"1a1c01bbd47fc00a2c39e90264f33305004495a9","hash":"1409abd3fd7debc02c0b4c293e4b5e4a79396378"}
}
